<?xml version="1.0" encoding="UTF-8"?>
<!-- Generated by org.testng.reporters.JUnitReportReporter -->
<testsuite hostname="IBM-BFS2KN3" failures="0" tests="1" name="TestAPI.NewTest" time="3.949" errors="0" timestamp="2022-12-01T20:49:24 IST" skipped="0">
  <testcase classname="TestAPI.NewTest" name="test1" time="3.949"/>
  <system-out/>
</testsuite> <!-- TestAPI.NewTest -->
